<?xml version="1.0" encoding="UTF-8"?>
<!-- Generated by org.testng.reporters.JUnitReportReporter -->
<testsuite hostname="LAPTOP-7SBV18FK" failures="0" tests="1" name="Demo.TestNgGroup" time="0.011" errors="0" timestamp="2021-03-23T12:59:49 EDT" skipped="0">
  <testcase classname="Demo.TestNgGroup" name="Test1" time="0.011"/>
  <system-out/>
</testsuite> <!-- Demo.TestNgGroup -->
