<?xml version="1.0" encoding="UTF-8"?>
<!-- Generated by org.testng.reporters.JUnitReportReporter -->
<testsuite hostname="LAPTOP-7SBV18FK" failures="0" tests="3" name="TestNGPriority" time="0.014" errors="0" timestamp="2021-03-21T16:39:14 EDT" skipped="0">
  <testcase classname="TestNGPriority" name="test3" time="0.011"/>
  <system-out/>
  <testcase classname="TestNGPriority" name="test2" time="0.002"/>
  <system-out/>
  <testcase classname="TestNGPriority" name="test1" time="0.001"/>
  <system-out/>
</testsuite> <!-- TestNGPriority -->
