<?xml version="1.0" encoding="UTF-8"?>
<!-- Generated by org.testng.reporters.JUnitReportReporter -->
<testsuite hostname="LAPTOP-7SBV18FK" failures="0" tests="1" name="utilities.ExcelUtilDemo" time="0.010" errors="0" timestamp="2021-03-21T16:26:29 EDT" skipped="0">
  <testcase classname="utilities.ExcelUtilDemo" name="Test1" time="0.010"/>
  <system-out/>
</testsuite> <!-- utilities.ExcelUtilDemo -->
