<?xml version="1.0" encoding="UTF-8"?>
<!-- Generated by org.testng.reporters.JUnitReportReporter -->
<testsuite hostname="LAPTOP-7SBV18FK" failures="0" tests="1" name="TestStep" time="1.524" errors="0" timestamp="2021-03-15T23:38:36 EDT" skipped="0">
  <testcase classname="TestStep" name="verifySteps" time="1.524"/>
  <system-out/>
</testsuite> <!-- TestStep -->
